# eXeScope Log of "E:\Software\New SDK 6.0.3.3\SDK 6.0.3.4\Demo\C#\Black&White\Udisk Data Management\bin\Release\Udisk.exe", 2010-09-19 13:15:15

Resource,Version,1
FileVersion 1,0,3637,26793
ProductVersion 1,0,3637,26793
FileFlags 0
FileOS 4
FileType 1
FileSubType 0
VarFileInfo 
	Translation 00 00 B0 04 
StringFileInfo 
	000004b0 
		CompanyName,Granding
		FileDescription,FAE
		FileVersion,1.0.3637.26793
		InternalName,Udisk.exe
		LegalCopyright,"Copyright (C) Granding 2009"
		OriginalFilename,Udisk.exe
		ProductName,Udisk
		ProductVersion,1.0.3637.26793
		"Assembly Version",1.0.3637.26793
EndResource
