# eXeScope Log of "E:\Software\New SDK 6.0.3.3\SDK 6.0.3.4\Demo\C#\IFace\AttLogs\bin\Release\AttLogs.exe", 2010-09-19 13:15:59

Resource,Version,1
FileVersion 1,0,3637,26902
ProductVersion 1,0,3637,26902
FileFlags 0
FileOS 4
FileType 1
FileSubType 0
VarFileInfo 
	Translation 00 00 B0 04 
StringFileInfo 
	000004b0 
		CompanyName,Granding
		FileDescription,FAE
		FileVersion,1.0.3637.26902
		InternalName,AttLogs.exe
		LegalCopyright,"Copyright (C) Granding 2009"
		OriginalFilename,AttLogs.exe
		ProductName,AttLogs
		ProductVersion,1.0.3637.26902
		"Assembly Version",1.0.3637.26902
EndResource
